{"level":"info","message":"Server running on port 5000","service":"ember-api","timestamp":"2025-03-19 14:43:20"}
{"level":"info","message":"Server running on port 5000","service":"ember-api","timestamp":"2025-03-19 14:43:58"}
{"level":"error","message":"Error connecting to MongoDB: getaddrinfo ENOTFOUND mongodb","service":"ember-api","timestamp":"2025-03-19 14:44:28"}
{"level":"info","message":"Server running on port 5000","service":"ember-api","timestamp":"2025-03-19 14:53:55"}
{"level":"error","message":"Error connecting to MongoDB: getaddrinfo ENOTFOUND mongodb","service":"ember-api","timestamp":"2025-03-19 14:54:25"}
{"level":"info","message":"Server running on port 5000","service":"ember-api","timestamp":"2025-03-19 14:58:37"}
{"level":"error","message":"Error connecting to MongoDB: getaddrinfo ENOTFOUND mongodb","service":"ember-api","timestamp":"2025-03-19 14:59:07"}
{"level":"info","message":"Server running on port 5000","service":"ember-api","timestamp":"2025-03-19 15:05:42"}
{"level":"info","message":"MongoDB Connected: embercluster1-shard-00-00.tpdce.mongodb.net","service":"ember-api","timestamp":"2025-03-19 15:05:43"}
{"level":"info","message":"Server running on port 5000","service":"ember-api","timestamp":"2025-03-19 16:12:56"}
{"level":"info","message":"MongoDB Connected: embercluster1-shard-00-00.tpdce.mongodb.net","service":"ember-api","timestamp":"2025-03-19 16:12:56"}
{"level":"info","message":"Server running on port 5000","service":"ember-api","timestamp":"2025-03-19 17:18:52"}
{"level":"info","message":"MongoDB Connected: embercluster1-shard-00-01.tpdce.mongodb.net","service":"ember-api","timestamp":"2025-03-19 17:18:52"}
{"level":"info","message":"Server running on port 5000","service":"ember-api","timestamp":"2025-03-19 21:19:33"}
{"level":"info","message":"MongoDB Connected: embercluster1-shard-00-02.tpdce.mongodb.net","service":"ember-api","timestamp":"2025-03-19 21:19:34"}
{"level":"info","message":"Server running on port 5000","service":"ember-api","timestamp":"2025-03-20 09:37:50"}
{"level":"error","message":"Error connecting to MongoDB: Could not connect to any servers in your MongoDB Atlas cluster. One common reason is that you're trying to access the database from an IP that isn't whitelisted. Make sure your current IP address is on your Atlas cluster's IP whitelist: https://www.mongodb.com/docs/atlas/security-whitelist/","service":"ember-api","timestamp":"2025-03-20 09:38:20"}
{"level":"info","message":"Server running on port 5000","service":"ember-api","timestamp":"2025-03-24 09:53:44"}
{"level":"info","message":"MongoDB Connected: embercluster1-shard-00-01.tpdce.mongodb.net","service":"ember-api","timestamp":"2025-03-24 09:53:45"}
{"level":"info","message":"Server running on port 5000","service":"ember-api","timestamp":"2025-03-24 13:29:45"}
{"level":"info","message":"MongoDB Connected: embercluster1-shard-00-01.tpdce.mongodb.net","service":"ember-api","timestamp":"2025-03-24 13:29:45"}
{"level":"info","message":"Server running on port 5000","service":"ember-api","timestamp":"2025-03-25 09:16:50"}
{"level":"info","message":"MongoDB Connected: embercluster1-shard-00-00.tpdce.mongodb.net","service":"ember-api","timestamp":"2025-03-25 09:16:51"}
{"level":"info","message":"Server running on port 5000","service":"ember-api","timestamp":"2025-03-25 14:05:44"}
{"level":"info","message":"MongoDB Connected: embercluster1-shard-00-02.tpdce.mongodb.net","service":"ember-api","timestamp":"2025-03-25 14:05:45"}
{"level":"info","message":"Server running on port 5000","service":"ember-api","timestamp":"2025-03-25 19:23:28"}
{"level":"info","message":"MongoDB Connected: embercluster1-shard-00-01.tpdce.mongodb.net","service":"ember-api","timestamp":"2025-03-25 19:23:28"}
{"level":"info","message":"Server running on port 5000","service":"ember-api","timestamp":"2025-03-26 04:55:07"}
{"level":"info","message":"MongoDB Connected: embercluster1-shard-00-01.tpdce.mongodb.net","service":"ember-api","timestamp":"2025-03-26 04:55:07"}
{"level":"info","message":"Server running on port 5000","service":"ember-api","timestamp":"2025-03-26 09:19:26"}
{"level":"error","message":"Error connecting to MongoDB: Could not connect to any servers in your MongoDB Atlas cluster. One common reason is that you're trying to access the database from an IP that isn't whitelisted. Make sure your current IP address is on your Atlas cluster's IP whitelist: https://www.mongodb.com/docs/atlas/security-whitelist/","service":"ember-api","timestamp":"2025-03-26 09:19:56"}
{"level":"info","message":"Server running on port 5000","service":"ember-api","timestamp":"2025-03-26 10:36:19"}
{"level":"error","message":"Error connecting to MongoDB: Could not connect to any servers in your MongoDB Atlas cluster. One common reason is that you're trying to access the database from an IP that isn't whitelisted. Make sure your current IP address is on your Atlas cluster's IP whitelist: https://www.mongodb.com/docs/atlas/security-whitelist/","service":"ember-api","timestamp":"2025-03-26 10:36:50"}
{"level":"info","message":"Server running on port 5000","service":"ember-api","timestamp":"2025-03-26 10:38:19"}
{"level":"error","message":"Error connecting to MongoDB: Could not connect to any servers in your MongoDB Atlas cluster. One common reason is that you're trying to access the database from an IP that isn't whitelisted. Make sure your current IP address is on your Atlas cluster's IP whitelist: https://www.mongodb.com/docs/atlas/security-whitelist/","service":"ember-api","timestamp":"2025-03-26 10:38:50"}
{"level":"info","message":"Server running on port 5000","service":"ember-api","timestamp":"2025-03-27 20:28:38"}
{"level":"info","message":"MongoDB Connected: embercluster1-shard-00-00.tpdce.mongodb.net","service":"ember-api","timestamp":"2025-03-27 20:28:38"}
{"level":"info","message":"Server running on port 5000","service":"ember-api","timestamp":"2025-03-28 08:47:45"}
{"level":"info","message":"MongoDB Connected: embercluster1-shard-00-00.tpdce.mongodb.net","service":"ember-api","timestamp":"2025-03-28 08:47:46"}
{"level":"info","message":"Server running on port 5000","service":"ember-api","timestamp":"2025-03-28 09:32:31"}
{"level":"info","message":"MongoDB Connected: embercluster1-shard-00-00.tpdce.mongodb.net","service":"ember-api","timestamp":"2025-03-28 09:32:31"}
{"level":"info","message":"Server running on port 5000","service":"ember-api","timestamp":"2025-03-28 09:55:29"}
{"level":"info","message":"MongoDB Connected: embercluster1-shard-00-01.tpdce.mongodb.net","service":"ember-api","timestamp":"2025-03-28 09:55:29"}
{"level":"info","message":"Server running on port 5000","service":"ember-api","timestamp":"2025-03-28 10:19:32"}
{"level":"info","message":"MongoDB Connected: embercluster1-shard-00-00.tpdce.mongodb.net","service":"ember-api","timestamp":"2025-03-28 10:19:32"}
{"level":"info","message":"New journal entry created: 67e6b15930ddadb6ba6649a1","service":"ember-api","timestamp":"2025-03-28 10:25:30"}
{"level":"info","message":"Server running on port 5000","service":"ember-api","timestamp":"2025-03-28 11:02:02"}
{"level":"info","message":"MongoDB Connected: embercluster1-shard-00-01.tpdce.mongodb.net","service":"ember-api","timestamp":"2025-03-28 11:02:03"}
{"level":"info","message":"Server running on port 5000","service":"ember-api","timestamp":"2025-03-28 12:09:59"}
{"level":"info","message":"MongoDB Connected: embercluster1-shard-00-02.tpdce.mongodb.net","service":"ember-api","timestamp":"2025-03-28 12:09:59"}
{"level":"info","message":"Server running on port 5000","service":"ember-api","timestamp":"2025-03-28 12:41:24"}
{"level":"info","message":"MongoDB Connected: embercluster1-shard-00-02.tpdce.mongodb.net","service":"ember-api","timestamp":"2025-03-28 12:41:24"}
{"level":"info","message":"Server running on port 5000","service":"ember-api","timestamp":"2025-03-28 14:56:57"}
{"level":"info","message":"MongoDB Connected: embercluster1-shard-00-02.tpdce.mongodb.net","service":"ember-api","timestamp":"2025-03-28 14:56:58"}
{"level":"info","message":"Server running on port 5000","service":"ember-api","timestamp":"2025-03-28 20:31:18"}
{"level":"info","message":"MongoDB Connected: embercluster1-shard-00-02.tpdce.mongodb.net","service":"ember-api","timestamp":"2025-03-28 20:31:19"}
{"level":"info","message":"New journal entry created: 67e75015f8ba15397fc570de","service":"ember-api","timestamp":"2025-03-28 21:42:45"}
{"level":"info","message":"Server running on port 5000","service":"ember-api","timestamp":"2025-03-28 22:04:15"}
{"level":"info","message":"MongoDB Connected: embercluster1-shard-00-01.tpdce.mongodb.net","service":"ember-api","timestamp":"2025-03-28 22:04:15"}
{"level":"info","message":"New journal entry created: 67e75705d0896f9328e4cc1a","service":"ember-api","timestamp":"2025-03-28 22:12:21"}
{"level":"info","message":"Server running on port 5000","service":"ember-api","timestamp":"2025-03-29 20:17:07"}
{"level":"info","message":"MongoDB Connected: embercluster1-shard-00-01.tpdce.mongodb.net","service":"ember-api","timestamp":"2025-03-29 20:17:09"}
{"level":"info","message":"New journal entry created: 67e88e61dc7cf57122a03002","service":"ember-api","timestamp":"2025-03-29 20:20:49"}
{"level":"info","message":"New journal entry created: 67e88efcdc7cf57122a03006","service":"ember-api","timestamp":"2025-03-29 20:23:24"}
{"level":"info","message":"Server running on port 5000","service":"ember-api","timestamp":"2025-03-31 09:21:58"}
{"level":"info","message":"MongoDB Connected: embercluster1-shard-00-02.tpdce.mongodb.net","service":"ember-api","timestamp":"2025-03-31 09:21:58"}
{"level":"info","message":"Server running on port 5000","service":"ember-api","timestamp":"2025-03-31 15:18:24"}
{"level":"info","message":"MongoDB Connected: ac-m4kc1mw-shard-00-00.4aytawu.mongodb.net","service":"ember-api","timestamp":"2025-03-31 15:18:24"}
{"level":"info","message":"Server running on port 5000","service":"ember-api","timestamp":"2025-03-31 15:21:32"}
{"level":"info","message":"MongoDB Connected: ac-m4kc1mw-shard-00-01.4aytawu.mongodb.net","service":"ember-api","timestamp":"2025-03-31 15:21:33"}
